{"level":"info","message":"🚀 API Gateway started successfully!","service":"api-gateway","timestamp":"2025-10-14 16:52:37"}
{"level":"info","message":"📍 Server running on port 4000","service":"api-gateway","timestamp":"2025-10-14 16:52:37"}
{"level":"info","message":"🌍 Environment: development","service":"api-gateway","timestamp":"2025-10-14 16:52:37"}
{"level":"info","message":"🔗 Health check: http://localhost:4000/health","service":"api-gateway","timestamp":"2025-10-14 16:52:37"}
{"level":"info","message":"📚 API documentation: http://localhost:4000/api","service":"api-gateway","timestamp":"2025-10-14 16:52:37"}
{"level":"info","message":"📋 Configured microservices:","service":"api-gateway","timestamp":"2025-10-14 16:52:37"}
{"level":"info","message":"  • auth: http://localhost:4001","service":"api-gateway","timestamp":"2025-10-14 16:52:37"}
{"level":"info","message":"  • auction: http://localhost:4003","service":"api-gateway","timestamp":"2025-10-14 16:52:37"}
{"level":"info","message":"  • bid: http://localhost:4004","service":"api-gateway","timestamp":"2025-10-14 16:52:37"}
{"level":"info","message":"  • payment: http://localhost:4005","service":"api-gateway","timestamp":"2025-10-14 16:52:37"}
{"level":"info","message":"  • vehicle: http://localhost:4002","service":"api-gateway","timestamp":"2025-10-14 16:52:37"}
{"level":"info","message":"  • notification: http://localhost:4006","service":"api-gateway","timestamp":"2025-10-14 16:52:37"}
{"level":"info","message":"🔍 Performing initial health check of microservices...","service":"api-gateway","timestamp":"2025-10-14 16:52:39"}
{"level":"warn","message":"Service auth-service health check failed:","service":"api-gateway","timestamp":"2025-10-14 16:52:39"}
{"level":"warn","message":"Service auction-service health check failed:","service":"api-gateway","timestamp":"2025-10-14 16:52:39"}
{"level":"warn","message":"Service bid-service health check failed:","service":"api-gateway","timestamp":"2025-10-14 16:52:39"}
{"level":"warn","message":"Service payment-service health check failed:","service":"api-gateway","timestamp":"2025-10-14 16:52:39"}
{"level":"warn","message":"Service vehicle-service health check failed:","service":"api-gateway","timestamp":"2025-10-14 16:52:39"}
{"level":"warn","message":"Service notification-service health check failed:","service":"api-gateway","timestamp":"2025-10-14 16:52:39"}
{"level":"info","message":"  ❌ auth-service: unhealthy (63ms)","service":"api-gateway","timestamp":"2025-10-14 16:52:39"}
{"level":"warn","message":"    Error: Error","service":"api-gateway","timestamp":"2025-10-14 16:52:39"}
{"level":"info","message":"  ❌ auction-service: unhealthy (44ms)","service":"api-gateway","timestamp":"2025-10-14 16:52:39"}
{"level":"warn","message":"    Error: Error","service":"api-gateway","timestamp":"2025-10-14 16:52:39"}
{"level":"info","message":"  ❌ bid-service: unhealthy (43ms)","service":"api-gateway","timestamp":"2025-10-14 16:52:39"}
{"level":"warn","message":"    Error: Error","service":"api-gateway","timestamp":"2025-10-14 16:52:39"}
{"level":"info","message":"  ❌ payment-service: unhealthy (43ms)","service":"api-gateway","timestamp":"2025-10-14 16:52:39"}
{"level":"warn","message":"    Error: Error","service":"api-gateway","timestamp":"2025-10-14 16:52:39"}
{"level":"info","message":"  ❌ vehicle-service: unhealthy (43ms)","service":"api-gateway","timestamp":"2025-10-14 16:52:39"}
{"level":"warn","message":"    Error: Error","service":"api-gateway","timestamp":"2025-10-14 16:52:39"}
{"level":"info","message":"  ❌ notification-service: unhealthy (43ms)","service":"api-gateway","timestamp":"2025-10-14 16:52:39"}
{"level":"warn","message":"    Error: Error","service":"api-gateway","timestamp":"2025-10-14 16:52:39"}
{"level":"warn","message":"⚠️  0/6 microservices are healthy","service":"api-gateway","timestamp":"2025-10-14 16:52:39"}
{"level":"info","message":"::1 - - [14/Oct/2025:13:52:45 +0000] \"GET /health?ide_webview_request_time=1760449965019 HTTP/1.1\" 200 124 \"-\" \"Mozilla/5.0 (Windows NT 10.0; Win64; x64) AppleWebKit/537.36 (KHTML, like Gecko) Trae/1.100.3 Chrome/132.0.6834.210 Electron/34.5.1 Safari/537.36\"","service":"api-gateway","timestamp":"2025-10-14 16:52:45"}
{"level":"info","message":"::1 - - [14/Oct/2025:13:53:40 +0000] \"GET /api?ide_webview_request_time=1760450020842 HTTP/1.1\" 200 447 \"-\" \"Mozilla/5.0 (Windows NT 10.0; Win64; x64) AppleWebKit/537.36 (KHTML, like Gecko) Trae/1.100.3 Chrome/132.0.6834.210 Electron/34.5.1 Safari/537.36\"","service":"api-gateway","timestamp":"2025-10-14 16:53:40"}
{"level":"info","message":"::1 - - [14/Oct/2025:13:53:48 +0000] \"GET /?ide_webview_request_time=1760450028222 HTTP/1.1\" 200 172 \"-\" \"Mozilla/5.0 (Windows NT 10.0; Win64; x64) AppleWebKit/537.36 (KHTML, like Gecko) Trae/1.100.3 Chrome/132.0.6834.210 Electron/34.5.1 Safari/537.36\"","service":"api-gateway","timestamp":"2025-10-14 16:53:48"}
{"level":"warn","message":"Service Auth Service is unhealthy","service":"api-gateway","status":404,"timestamp":"2025-10-15 16:31:40"}
{"level":"warn","message":"Service Vehicle Service is unhealthy","service":"api-gateway","status":404,"timestamp":"2025-10-15 16:31:40"}
{"level":"warn","message":"Service Auction Service is unhealthy","service":"api-gateway","status":404,"timestamp":"2025-10-15 16:31:40"}
{"level":"warn","message":"Service Notification Service is unhealthy","service":"api-gateway","status":404,"timestamp":"2025-10-15 16:31:40"}
{"activeAuctions":0,"connectedUsers":0,"level":"info","memoryUsageMB":27,"message":"WebSocket Statistics","rateLimitedUsers":0,"service":"api-gateway","timestamp":"2025-10-15 16:31:40","totalConnections":0,"uptime":3.076023}
{"level":"warn","message":"Service Auth Service is unhealthy","service":"api-gateway","status":404,"timestamp":"2025-10-15 16:39:27"}
{"level":"warn","message":"Service Vehicle Service is unhealthy","service":"api-gateway","status":404,"timestamp":"2025-10-15 16:39:27"}
{"level":"warn","message":"Service Auction Service is unhealthy","service":"api-gateway","status":404,"timestamp":"2025-10-15 16:39:27"}
{"level":"warn","message":"Service Notification Service is unhealthy","service":"api-gateway","status":404,"timestamp":"2025-10-15 16:39:27"}
{"activeAuctions":0,"connectedUsers":0,"level":"info","memoryUsageMB":25,"message":"WebSocket Statistics","rateLimitedUsers":0,"service":"api-gateway","timestamp":"2025-10-15 16:39:27","totalConnections":0,"uptime":2.504405}
{"level":"warn","message":"Service Auth Service is unhealthy","service":"api-gateway","status":404,"timestamp":"2025-10-15 16:40:28"}
{"level":"warn","message":"Service Vehicle Service is unhealthy","service":"api-gateway","status":404,"timestamp":"2025-10-15 16:40:28"}
{"level":"warn","message":"Service Auction Service is unhealthy","service":"api-gateway","status":404,"timestamp":"2025-10-15 16:40:28"}
{"level":"warn","message":"Service Notification Service is unhealthy","service":"api-gateway","status":404,"timestamp":"2025-10-15 16:40:28"}
{"activeAuctions":0,"connectedUsers":0,"level":"info","memoryUsageMB":24,"message":"WebSocket Statistics","rateLimitedUsers":0,"service":"api-gateway","timestamp":"2025-10-15 16:40:28","totalConnections":0,"uptime":2.8464817}
{"level":"warn","message":"Service Auth Service is unhealthy","service":"api-gateway","status":404,"timestamp":"2025-10-15 16:48:06"}
{"level":"warn","message":"Service Vehicle Service is unhealthy","service":"api-gateway","status":404,"timestamp":"2025-10-15 16:48:06"}
{"level":"warn","message":"Service Auction Service is unhealthy","service":"api-gateway","status":404,"timestamp":"2025-10-15 16:48:06"}
{"level":"warn","message":"Service Notification Service is unhealthy","service":"api-gateway","status":404,"timestamp":"2025-10-15 16:48:06"}
{"activeAuctions":0,"connectedUsers":0,"level":"info","memoryUsageMB":26,"message":"WebSocket Statistics","rateLimitedUsers":0,"service":"api-gateway","timestamp":"2025-10-15 16:48:06","totalConnections":0,"uptime":2.6273388}
{"level":"warn","message":"Service Auth Service is unhealthy","service":"api-gateway","status":404,"timestamp":"2025-10-15 16:51:28"}
{"level":"warn","message":"Service Vehicle Service is unhealthy","service":"api-gateway","status":404,"timestamp":"2025-10-15 16:51:28"}
{"level":"warn","message":"Service Auction Service is unhealthy","service":"api-gateway","status":404,"timestamp":"2025-10-15 16:51:28"}
{"level":"warn","message":"Service Notification Service is unhealthy","service":"api-gateway","status":404,"timestamp":"2025-10-15 16:51:28"}
{"activeAuctions":0,"connectedUsers":0,"level":"info","memoryUsageMB":27,"message":"WebSocket Statistics","rateLimitedUsers":0,"service":"api-gateway","timestamp":"2025-10-15 16:51:28","totalConnections":0,"uptime":2.9207105}
{"level":"warn","message":"Service Auth Service is unhealthy","service":"api-gateway","status":404,"timestamp":"2025-10-15 17:01:23"}
{"level":"warn","message":"Service Vehicle Service is unhealthy","service":"api-gateway","status":404,"timestamp":"2025-10-15 17:01:23"}
{"level":"warn","message":"Service Auction Service is unhealthy","service":"api-gateway","status":404,"timestamp":"2025-10-15 17:01:23"}
{"level":"warn","message":"Service Notification Service is unhealthy","service":"api-gateway","status":404,"timestamp":"2025-10-15 17:01:23"}
{"activeAuctions":0,"connectedUsers":0,"level":"info","memoryUsageMB":26,"message":"WebSocket Statistics","rateLimitedUsers":0,"service":"api-gateway","timestamp":"2025-10-15 17:01:23","totalConnections":0,"uptime":2.5253316}
{"level":"warn","message":"Service Auth Service is unhealthy","service":"api-gateway","status":404,"timestamp":"2025-10-15 17:15:24"}
{"level":"warn","message":"Service Vehicle Service is unhealthy","service":"api-gateway","status":404,"timestamp":"2025-10-15 17:15:24"}
{"level":"warn","message":"Service Auction Service is unhealthy","service":"api-gateway","status":404,"timestamp":"2025-10-15 17:15:24"}
{"level":"warn","message":"Service Notification Service is unhealthy","service":"api-gateway","status":404,"timestamp":"2025-10-15 17:15:24"}
{"activeAuctions":0,"connectedUsers":0,"level":"info","memoryUsageMB":27,"message":"WebSocket Statistics","rateLimitedUsers":0,"service":"api-gateway","timestamp":"2025-10-15 17:15:24","totalConnections":0,"uptime":2.5069831}
{"level":"info","message":"Graceful shutdown initiated","service":"api-gateway","signal":"SIGINT","timestamp":"2025-10-15 17:15:29"}
{"level":"warn","message":"Service Auth Service is unhealthy","service":"api-gateway","status":404,"timestamp":"2025-10-15 17:15:33"}
{"level":"warn","message":"Service Vehicle Service is unhealthy","service":"api-gateway","status":404,"timestamp":"2025-10-15 17:15:33"}
{"level":"warn","message":"Service Auction Service is unhealthy","service":"api-gateway","status":404,"timestamp":"2025-10-15 17:15:33"}
{"level":"warn","message":"Service Notification Service is unhealthy","service":"api-gateway","status":404,"timestamp":"2025-10-15 17:15:33"}
{"activeAuctions":0,"connectedUsers":0,"level":"info","memoryUsageMB":28,"message":"WebSocket Statistics","rateLimitedUsers":0,"service":"api-gateway","timestamp":"2025-10-15 17:15:33","totalConnections":0,"uptime":2.7146197}
{"level":"warn","message":"Service Auth Service is unhealthy","service":"api-gateway","status":404,"timestamp":"2025-10-15 17:15:50"}
{"level":"warn","message":"Service Vehicle Service is unhealthy","service":"api-gateway","status":404,"timestamp":"2025-10-15 17:15:50"}
{"level":"warn","message":"Service Auction Service is unhealthy","service":"api-gateway","status":404,"timestamp":"2025-10-15 17:15:50"}
{"level":"warn","message":"Service Notification Service is unhealthy","service":"api-gateway","status":404,"timestamp":"2025-10-15 17:15:50"}
{"activeAuctions":0,"connectedUsers":0,"level":"info","memoryUsageMB":25,"message":"WebSocket Statistics","rateLimitedUsers":0,"service":"api-gateway","timestamp":"2025-10-15 17:15:50","totalConnections":0,"uptime":2.4579398}
{"level":"info","message":"Graceful shutdown initiated","service":"api-gateway","signal":"SIGINT","timestamp":"2025-10-15 17:15:58"}
{"level":"warn","message":"Service Auth Service is unhealthy","service":"api-gateway","status":404,"timestamp":"2025-10-15 17:16:02"}
{"level":"warn","message":"Service Vehicle Service is unhealthy","service":"api-gateway","status":404,"timestamp":"2025-10-15 17:16:02"}
{"level":"warn","message":"Service Auction Service is unhealthy","service":"api-gateway","status":404,"timestamp":"2025-10-15 17:16:02"}
{"level":"warn","message":"Service Notification Service is unhealthy","service":"api-gateway","status":404,"timestamp":"2025-10-15 17:16:02"}
{"activeAuctions":0,"connectedUsers":0,"level":"info","memoryUsageMB":26,"message":"WebSocket Statistics","rateLimitedUsers":0,"service":"api-gateway","timestamp":"2025-10-15 17:16:02","totalConnections":0,"uptime":2.8493002}
{"level":"warn","message":"Service Auth Service is unhealthy","service":"api-gateway","status":404,"timestamp":"2025-10-15 17:18:02"}
{"level":"warn","message":"Service Vehicle Service is unhealthy","service":"api-gateway","status":404,"timestamp":"2025-10-15 17:18:02"}
{"level":"warn","message":"Service Auction Service is unhealthy","service":"api-gateway","status":404,"timestamp":"2025-10-15 17:18:02"}
{"level":"warn","message":"Service Notification Service is unhealthy","service":"api-gateway","status":404,"timestamp":"2025-10-15 17:18:02"}
{"activeAuctions":0,"connectedUsers":0,"level":"info","memoryUsageMB":26,"message":"WebSocket Statistics","rateLimitedUsers":0,"service":"api-gateway","timestamp":"2025-10-15 17:18:02","totalConnections":0,"uptime":2.5456301}
{"level":"warn","message":"Service Auth Service is unhealthy","service":"api-gateway","status":404,"timestamp":"2025-10-15 17:18:17"}
{"level":"warn","message":"Service Vehicle Service is unhealthy","service":"api-gateway","status":404,"timestamp":"2025-10-15 17:18:17"}
{"level":"warn","message":"Service Auction Service is unhealthy","service":"api-gateway","status":404,"timestamp":"2025-10-15 17:18:17"}
{"level":"warn","message":"Service Notification Service is unhealthy","service":"api-gateway","status":404,"timestamp":"2025-10-15 17:18:17"}
{"activeAuctions":0,"connectedUsers":0,"level":"info","memoryUsageMB":26,"message":"WebSocket Statistics","rateLimitedUsers":0,"service":"api-gateway","timestamp":"2025-10-15 17:18:17","totalConnections":0,"uptime":2.5320465}
{"level":"warn","message":"Service Auth Service is unhealthy","service":"api-gateway","status":404,"timestamp":"2025-10-15 17:18:45"}
{"level":"warn","message":"Service Vehicle Service is unhealthy","service":"api-gateway","status":404,"timestamp":"2025-10-15 17:18:45"}
{"level":"warn","message":"Service Auction Service is unhealthy","service":"api-gateway","status":404,"timestamp":"2025-10-15 17:18:45"}
{"level":"warn","message":"Service Notification Service is unhealthy","service":"api-gateway","status":404,"timestamp":"2025-10-15 17:18:45"}
{"activeAuctions":0,"connectedUsers":0,"level":"info","memoryUsageMB":27,"message":"WebSocket Statistics","rateLimitedUsers":0,"service":"api-gateway","timestamp":"2025-10-15 17:18:45","totalConnections":0,"uptime":2.8918696}
{"level":"warn","message":"Service Auth Service is unhealthy","service":"api-gateway","status":404,"timestamp":"2025-10-15 17:24:42"}
{"level":"warn","message":"Service Vehicle Service is unhealthy","service":"api-gateway","status":404,"timestamp":"2025-10-15 17:24:42"}
{"level":"warn","message":"Service Auction Service is unhealthy","service":"api-gateway","status":404,"timestamp":"2025-10-15 17:24:42"}
{"level":"warn","message":"Service Notification Service is unhealthy","service":"api-gateway","status":404,"timestamp":"2025-10-15 17:24:42"}
{"activeAuctions":0,"connectedUsers":0,"level":"info","memoryUsageMB":26,"message":"WebSocket Statistics","rateLimitedUsers":0,"service":"api-gateway","timestamp":"2025-10-15 17:24:42","totalConnections":0,"uptime":2.564202}
{"level":"warn","message":"Service Auth Service is unhealthy","service":"api-gateway","status":404,"timestamp":"2025-10-15 17:25:03"}
{"level":"warn","message":"Service Vehicle Service is unhealthy","service":"api-gateway","status":404,"timestamp":"2025-10-15 17:25:03"}
{"level":"warn","message":"Service Auction Service is unhealthy","service":"api-gateway","status":404,"timestamp":"2025-10-15 17:25:03"}
{"level":"warn","message":"Service Notification Service is unhealthy","service":"api-gateway","status":404,"timestamp":"2025-10-15 17:25:03"}
{"activeAuctions":0,"connectedUsers":0,"level":"info","memoryUsageMB":26,"message":"WebSocket Statistics","rateLimitedUsers":0,"service":"api-gateway","timestamp":"2025-10-15 17:25:03","totalConnections":0,"uptime":2.7730473}
{"level":"warn","message":"Service Auth Service is unhealthy","service":"api-gateway","status":404,"timestamp":"2025-10-15 17:33:20"}
{"level":"warn","message":"Service Vehicle Service is unhealthy","service":"api-gateway","status":404,"timestamp":"2025-10-15 17:33:20"}
{"level":"warn","message":"Service Auction Service is unhealthy","service":"api-gateway","status":404,"timestamp":"2025-10-15 17:33:20"}
{"level":"warn","message":"Service Notification Service is unhealthy","service":"api-gateway","status":404,"timestamp":"2025-10-15 17:33:20"}
{"activeAuctions":0,"connectedUsers":0,"level":"info","memoryUsageMB":26,"message":"WebSocket Statistics","rateLimitedUsers":0,"service":"api-gateway","timestamp":"2025-10-15 17:33:20","totalConnections":0,"uptime":2.7948161}
{"level":"warn","message":"Service Auth Service is unhealthy","service":"api-gateway","status":404,"timestamp":"2025-10-15 17:34:24"}
{"level":"warn","message":"Service Vehicle Service is unhealthy","service":"api-gateway","status":404,"timestamp":"2025-10-15 17:34:24"}
{"level":"warn","message":"Service Auction Service is unhealthy","service":"api-gateway","status":404,"timestamp":"2025-10-15 17:34:24"}
{"level":"warn","message":"Service Notification Service is unhealthy","service":"api-gateway","status":404,"timestamp":"2025-10-15 17:34:24"}
{"activeAuctions":0,"connectedUsers":0,"level":"info","memoryUsageMB":26,"message":"WebSocket Statistics","rateLimitedUsers":0,"service":"api-gateway","timestamp":"2025-10-15 17:34:24","totalConnections":0,"uptime":2.5322974}
{"level":"warn","message":"Service Auth Service is unhealthy","service":"api-gateway","status":404,"timestamp":"2025-10-15 17:34:56"}
{"level":"warn","message":"Service Vehicle Service is unhealthy","service":"api-gateway","status":404,"timestamp":"2025-10-15 17:34:56"}
{"level":"warn","message":"Service Auction Service is unhealthy","service":"api-gateway","status":404,"timestamp":"2025-10-15 17:34:56"}
{"level":"warn","message":"Service Notification Service is unhealthy","service":"api-gateway","status":404,"timestamp":"2025-10-15 17:34:56"}
{"activeAuctions":0,"connectedUsers":0,"level":"info","memoryUsageMB":26,"message":"WebSocket Statistics","rateLimitedUsers":0,"service":"api-gateway","timestamp":"2025-10-15 17:34:56","totalConnections":0,"uptime":2.7290783}
{"level":"warn","message":"Service Bid Service is unhealthy","service":"api-gateway","status":404,"timestamp":"2025-10-15 17:36:00"}
{"level":"warn","message":"Service Payment Service is unhealthy","service":"api-gateway","status":404,"timestamp":"2025-10-15 17:36:00"}
{"activeAuctions":0,"connectedUsers":0,"level":"info","memoryUsageMB":25,"message":"WebSocket Statistics","rateLimitedUsers":0,"service":"api-gateway","timestamp":"2025-10-15 17:36:00","totalConnections":0,"uptime":2.6119529}
{"level":"warn","message":"Service Bid Service is unhealthy","service":"api-gateway","status":404,"timestamp":"2025-10-15 17:36:17"}
{"level":"warn","message":"Service Payment Service is unhealthy","service":"api-gateway","status":404,"timestamp":"2025-10-15 17:36:17"}
{"activeAuctions":0,"connectedUsers":0,"level":"info","memoryUsageMB":26,"message":"WebSocket Statistics","rateLimitedUsers":0,"service":"api-gateway","timestamp":"2025-10-15 17:36:17","totalConnections":0,"uptime":2.8759618}
{"activeAuctions":0,"connectedUsers":0,"level":"info","memoryUsageMB":25,"message":"WebSocket Statistics","rateLimitedUsers":0,"service":"api-gateway","timestamp":"2025-10-15 17:37:19","totalConnections":0,"uptime":2.66482}
{"activeAuctions":0,"connectedUsers":0,"level":"info","memoryUsageMB":26,"message":"WebSocket Statistics","rateLimitedUsers":0,"service":"api-gateway","timestamp":"2025-10-15 17:38:47","totalConnections":0,"uptime":2.8345607}
{"activeAuctions":0,"connectedUsers":0,"level":"info","memoryUsageMB":26,"message":"WebSocket Statistics","rateLimitedUsers":0,"service":"api-gateway","timestamp":"2025-10-15 17:42:05","totalConnections":0,"uptime":2.5697597}
{"activeAuctions":0,"connectedUsers":0,"level":"info","memoryUsageMB":26,"message":"WebSocket Statistics","rateLimitedUsers":0,"service":"api-gateway","timestamp":"2025-10-15 17:42:26","totalConnections":0,"uptime":2.9152013}
{"activeAuctions":0,"connectedUsers":0,"level":"info","memoryUsageMB":25,"message":"WebSocket Statistics","rateLimitedUsers":0,"service":"api-gateway","timestamp":"2025-10-15 17:45:12","totalConnections":0,"uptime":2.5509457}
{"activeAuctions":0,"connectedUsers":0,"level":"info","memoryUsageMB":26,"message":"WebSocket Statistics","rateLimitedUsers":0,"service":"api-gateway","timestamp":"2025-10-15 17:45:28","totalConnections":0,"uptime":2.8577813}
{"activeAuctions":0,"connectedUsers":0,"level":"info","memoryUsageMB":26,"message":"WebSocket Statistics","rateLimitedUsers":0,"service":"api-gateway","timestamp":"2025-10-15 17:47:41","totalConnections":0,"uptime":2.6403585}
{"activeAuctions":0,"connectedUsers":0,"level":"info","memoryUsageMB":26,"message":"WebSocket Statistics","rateLimitedUsers":0,"service":"api-gateway","timestamp":"2025-10-15 17:47:59","totalConnections":0,"uptime":2.9208915}
{"activeAuctions":0,"connectedUsers":0,"level":"info","memoryUsageMB":26,"message":"WebSocket Statistics","rateLimitedUsers":0,"service":"api-gateway","timestamp":"2025-10-15 17:57:24","totalConnections":0,"uptime":2.5804656}
{"activeAuctions":0,"connectedUsers":0,"level":"info","memoryUsageMB":26,"message":"WebSocket Statistics","rateLimitedUsers":0,"service":"api-gateway","timestamp":"2025-10-15 17:57:40","totalConnections":0,"uptime":2.8017025}
{"activeAuctions":0,"connectedUsers":0,"level":"info","memoryUsageMB":25,"message":"WebSocket Statistics","rateLimitedUsers":0,"service":"api-gateway","timestamp":"2025-10-15 17:58:31","totalConnections":0,"uptime":2.5760102}
{"activeAuctions":0,"connectedUsers":0,"level":"info","memoryUsageMB":25,"message":"WebSocket Statistics","rateLimitedUsers":0,"service":"api-gateway","timestamp":"2025-10-15 17:58:50","totalConnections":0,"uptime":2.739711}
{"activeAuctions":0,"connectedUsers":0,"level":"info","memoryUsageMB":26,"message":"WebSocket Statistics","rateLimitedUsers":0,"service":"api-gateway","timestamp":"2025-10-15 18:00:06","totalConnections":0,"uptime":2.524964}
{"activeAuctions":0,"connectedUsers":0,"level":"info","memoryUsageMB":27,"message":"WebSocket Statistics","rateLimitedUsers":0,"service":"api-gateway","timestamp":"2025-10-15 18:00:34","totalConnections":0,"uptime":4.426694}
{"activeAuctions":0,"connectedUsers":0,"level":"info","memoryUsageMB":25,"message":"WebSocket Statistics","rateLimitedUsers":0,"service":"api-gateway","timestamp":"2025-10-15 18:01:21","totalConnections":0,"uptime":2.6443474}
{"activeAuctions":0,"connectedUsers":0,"level":"info","memoryUsageMB":27,"message":"WebSocket Statistics","rateLimitedUsers":0,"service":"api-gateway","timestamp":"2025-10-15 18:01:37","totalConnections":0,"uptime":2.7249199}
{"activeAuctions":0,"connectedUsers":0,"level":"info","memoryUsageMB":26,"message":"WebSocket Statistics","rateLimitedUsers":0,"service":"api-gateway","timestamp":"2025-10-15 18:04:44","totalConnections":0,"uptime":2.6364941}
{"activeAuctions":0,"connectedUsers":0,"level":"info","memoryUsageMB":26,"message":"WebSocket Statistics","rateLimitedUsers":0,"service":"api-gateway","timestamp":"2025-10-15 18:05:01","totalConnections":0,"uptime":2.7829092}
{"activeAuctions":0,"connectedUsers":0,"level":"info","memoryUsageMB":27,"message":"WebSocket Statistics","rateLimitedUsers":0,"service":"api-gateway","timestamp":"2025-10-15 18:08:05","totalConnections":0,"uptime":2.7880166}
{"level":"info","message":"Graceful shutdown initiated","service":"api-gateway","signal":"SIGINT","timestamp":"2025-10-15 18:09:55"}
{"activeAuctions":0,"connectedUsers":0,"level":"info","memoryUsageMB":26,"message":"WebSocket Statistics","rateLimitedUsers":0,"service":"api-gateway","timestamp":"2025-10-15 18:09:59","totalConnections":0,"uptime":2.9028405}
{"activeAuctions":0,"connectedUsers":0,"level":"info","memoryUsageMB":26,"message":"WebSocket Statistics","rateLimitedUsers":0,"service":"api-gateway","timestamp":"2025-10-15 18:10:27","totalConnections":0,"uptime":2.5306948}
{"activeAuctions":0,"connectedUsers":0,"level":"info","memoryUsageMB":26,"message":"WebSocket Statistics","rateLimitedUsers":0,"service":"api-gateway","timestamp":"2025-10-15 18:10:50","totalConnections":0,"uptime":2.8291026}
{"activeAuctions":0,"connectedUsers":0,"level":"info","memoryUsageMB":26,"message":"WebSocket Statistics","rateLimitedUsers":0,"service":"api-gateway","timestamp":"2025-10-15 18:28:56","totalConnections":0,"uptime":2.8578858}
{"activeAuctions":0,"connectedUsers":0,"level":"info","memoryUsageMB":26,"message":"WebSocket Statistics","rateLimitedUsers":0,"service":"api-gateway","timestamp":"2025-10-15 18:35:13","totalConnections":0,"uptime":2.8746824}
{"activeAuctions":0,"connectedUsers":0,"level":"info","memoryUsageMB":26,"message":"WebSocket Statistics","rateLimitedUsers":0,"service":"api-gateway","timestamp":"2025-10-15 18:35:38","totalConnections":0,"uptime":2.5595225}
{"level":"info","message":"Graceful shutdown initiated","service":"api-gateway","signal":"SIGINT","timestamp":"2025-10-15 18:35:58"}
{"activeAuctions":0,"connectedUsers":0,"level":"info","memoryUsageMB":25,"message":"WebSocket Statistics","rateLimitedUsers":0,"service":"api-gateway","timestamp":"2025-10-15 18:36:04","totalConnections":0,"uptime":2.826202}
{"level":"info","message":"Graceful shutdown initiated","service":"api-gateway","signal":"SIGINT","timestamp":"2025-10-15 18:41:11"}
{"activeAuctions":0,"connectedUsers":0,"level":"info","memoryUsageMB":25,"message":"WebSocket Statistics","rateLimitedUsers":0,"service":"api-gateway","timestamp":"2025-10-15 18:41:18","totalConnections":0,"uptime":3.0317967}
{"activeAuctions":0,"connectedUsers":0,"level":"info","memoryUsageMB":26,"message":"WebSocket Statistics","rateLimitedUsers":0,"service":"api-gateway","timestamp":"2025-10-15 19:35:06","totalConnections":0,"uptime":3.029453}
{"activeAuctions":0,"connectedUsers":0,"level":"info","memoryUsageMB":26,"message":"WebSocket Statistics","rateLimitedUsers":0,"service":"api-gateway","timestamp":"2025-10-15 19:43:53","totalConnections":0,"uptime":2.9160357}
{"activeAuctions":0,"connectedUsers":0,"level":"info","memoryUsageMB":26,"message":"WebSocket Statistics","rateLimitedUsers":0,"service":"api-gateway","timestamp":"2025-10-15 19:44:56","totalConnections":0,"uptime":2.6506269}
{"activeAuctions":0,"connectedUsers":0,"level":"info","memoryUsageMB":27,"message":"WebSocket Statistics","rateLimitedUsers":0,"service":"api-gateway","timestamp":"2025-10-15 19:45:17","totalConnections":0,"uptime":2.8278983}
{"activeAuctions":0,"connectedUsers":0,"level":"info","memoryUsageMB":25,"message":"WebSocket Statistics","rateLimitedUsers":0,"service":"api-gateway","timestamp":"2025-10-15 19:46:00","totalConnections":0,"uptime":2.5424815}
{"activeAuctions":0,"connectedUsers":0,"level":"info","memoryUsageMB":26,"message":"WebSocket Statistics","rateLimitedUsers":0,"service":"api-gateway","timestamp":"2025-10-15 19:46:27","totalConnections":0,"uptime":2.8788268}
{"activeAuctions":0,"connectedUsers":0,"level":"info","memoryUsageMB":26,"message":"WebSocket Statistics","rateLimitedUsers":0,"service":"api-gateway","timestamp":"2025-10-15 19:47:06","totalConnections":0,"uptime":2.4956817}
{"activeAuctions":0,"connectedUsers":0,"level":"info","memoryUsageMB":25,"message":"WebSocket Statistics","rateLimitedUsers":0,"service":"api-gateway","timestamp":"2025-10-15 19:48:15","totalConnections":0,"uptime":2.6009615}
{"activeAuctions":0,"connectedUsers":0,"level":"info","memoryUsageMB":26,"message":"WebSocket Statistics","rateLimitedUsers":0,"service":"api-gateway","timestamp":"2025-10-15 19:49:03","totalConnections":0,"uptime":2.5904738}
{"activeAuctions":0,"connectedUsers":0,"level":"info","memoryUsageMB":26,"message":"WebSocket Statistics","rateLimitedUsers":0,"service":"api-gateway","timestamp":"2025-10-15 19:49:51","totalConnections":0,"uptime":2.6636911}
{"correlationId":"gw-1760559114297-zlqewymad","level":"info","message":"Proxying request to bid-service:","method":"GET","path":"/health","service":"api-gateway","target":"http://localhost:4004","timestamp":"2025-10-15 23:11:54"}
{"correlationId":"gw-1760559114297-zlqewymad","error":"","level":"error","message":"Proxy error for bid-service:","method":"GET","path":"/health","service":"api-gateway","target":"http://localhost:4004","timestamp":"2025-10-15 23:11:54"}
{"level":"info","message":"127.0.0.1 - - [15/Oct/2025:20:11:54 +0000] \"GET /api/v1/bids/health HTTP/1.1\" 503 180 \"-\" \"Mozilla/5.0 (Windows NT; Windows NT 10.0; tr-TR) WindowsPowerShell/5.1.26100.6725\"","service":"api-gateway","timestamp":"2025-10-15 23:11:54"}
{"level":"warn","message":"Service bid-service health check failed:","service":"api-gateway","timestamp":"2025-10-15 23:11:54"}
{"level":"warn","message":"Service bid-service is unhealthy","service":"api-gateway","timestamp":"2025-10-15 23:11:54"}
{"correlationId":"gw-1760559346292-q5b7fijm4","level":"info","message":"Proxying request to bid-service:","method":"GET","path":"/health","service":"api-gateway","target":"http://localhost:4004","timestamp":"2025-10-15 23:15:46"}
{"correlationId":"gw-1760559346292-q5b7fijm4","level":"info","message":"Response from bid-service:","method":"GET","path":"/health","service":"api-gateway","statusCode":200,"timestamp":"2025-10-15 23:15:46"}
{"level":"info","message":"127.0.0.1 - - [15/Oct/2025:20:15:46 +0000] \"GET /api/v1/bids/health HTTP/1.1\" 200 98 \"-\" \"Mozilla/5.0 (Windows NT; Windows NT 10.0; tr-TR) WindowsPowerShell/5.1.26100.6725\"","service":"api-gateway","timestamp":"2025-10-15 23:15:46"}
{"level":"info","message":"127.0.0.1 - - [15/Oct/2025:22:00:12 +0000] \"GET /health HTTP/1.1\" 200 125 \"-\" \"Mozilla/5.0 (Windows NT; Windows NT 10.0; tr-TR) WindowsPowerShell/5.1.26100.6725\"","service":"api-gateway","timestamp":"2025-10-16 01:00:12"}
{"level":"warn","message":"Authentication failed: invalid signature","service":"api-gateway","timestamp":"2025-10-16 01:00:29"}
{"level":"info","message":"127.0.0.1 - - [15/Oct/2025:22:00:29 +0000] \"POST /api/v1/bids/auto HTTP/1.1\" 401 67 \"-\" \"Mozilla/5.0 (Windows NT; Windows NT 10.0; tr-TR) WindowsPowerShell/5.1.26100.6725\"","service":"api-gateway","timestamp":"2025-10-16 01:00:29"}
{"level":"info","message":"User undefined authenticated successfully","service":"api-gateway","timestamp":"2025-10-16 01:01:05"}
{"level":"info","message":"127.0.0.1 - - [16/Oct/2025:18:14:54 +0000] \"GET /health HTTP/1.1\" 200 125 \"-\" \"Mozilla/5.0 (Windows NT; Windows NT 10.0; tr-TR) WindowsPowerShell/5.1.26100.6725\"","service":"api-gateway","timestamp":"2025-10-16 21:14:54"}
{"level":"info","message":"127.0.0.1 - - [16/Oct/2025:18:15:11 +0000] \"POST /api/v1/bids HTTP/1.1\" 401 81 \"-\" \"Mozilla/5.0 (Windows NT; Windows NT 10.0; tr-TR) WindowsPowerShell/5.1.26100.6725\"","service":"api-gateway","timestamp":"2025-10-16 21:15:11"}
{"level":"warn","message":"Authentication failed: invalid signature","service":"api-gateway","timestamp":"2025-10-16 21:15:43"}
{"level":"info","message":"127.0.0.1 - - [16/Oct/2025:18:15:43 +0000] \"POST /api/v1/bids HTTP/1.1\" 401 67 \"-\" \"Mozilla/5.0 (Windows NT; Windows NT 10.0; tr-TR) WindowsPowerShell/5.1.26100.6725\"","service":"api-gateway","timestamp":"2025-10-16 21:15:43"}
{"correlationId":"gw-1760638560214-psl88xrnq","level":"info","message":"Proxying request to auth-service:","method":"POST","path":"/api/v1/auth/register","service":"api-gateway","target":"http://localhost:4001","timestamp":"2025-10-16 21:16:00"}
{"level":"info","message":"127.0.0.1 - - [16/Oct/2025:18:17:00 +0000] \"POST /api/v1/auth/register HTTP/1.1\" - - \"-\" \"Mozilla/5.0 (Windows NT; Windows NT 10.0; tr-TR) WindowsPowerShell/5.1.26100.6725\"","service":"api-gateway","timestamp":"2025-10-16 21:17:00"}
{"correlationId":"gw-1760638632869-kkk896brn","level":"info","message":"Proxying request to auth-service:","method":"POST","path":"/api/v1/auth/login","service":"api-gateway","target":"http://localhost:4001","timestamp":"2025-10-16 21:17:12"}
{"level":"info","message":"127.0.0.1 - - [16/Oct/2025:18:18:12 +0000] \"POST /api/v1/auth/login HTTP/1.1\" - - \"-\" \"Mozilla/5.0 (Windows NT; Windows NT 10.0; tr-TR) WindowsPowerShell/5.1.26100.6725\"","service":"api-gateway","timestamp":"2025-10-16 21:18:12"}
{"level":"warn","message":"Authentication failed: invalid signature","service":"api-gateway","timestamp":"2025-10-16 21:18:56"}
{"level":"info","message":"127.0.0.1 - - [16/Oct/2025:18:18:56 +0000] \"POST /api/v1/bids HTTP/1.1\" 401 67 \"-\" \"Mozilla/5.0 (Windows NT; Windows NT 10.0; tr-TR) WindowsPowerShell/5.1.26100.6725\"","service":"api-gateway","timestamp":"2025-10-16 21:18:56"}
{"level":"warn","message":"Authentication failed: invalid signature","service":"api-gateway","timestamp":"2025-10-16 21:21:03"}
{"level":"info","message":"127.0.0.1 - - [16/Oct/2025:18:21:03 +0000] \"POST /api/v1/bids HTTP/1.1\" 401 67 \"-\" \"Mozilla/5.0 (Windows NT; Windows NT 10.0; tr-TR) WindowsPowerShell/5.1.26100.6725\"","service":"api-gateway","timestamp":"2025-10-16 21:21:03"}
{"level":"warn","message":"Authentication failed: invalid signature","service":"api-gateway","timestamp":"2025-10-16 21:23:52"}
{"level":"info","message":"127.0.0.1 - - [16/Oct/2025:18:23:52 +0000] \"GET /api/v1/notifications HTTP/1.1\" 401 67 \"-\" \"Mozilla/5.0 (Windows NT; Windows NT 10.0; tr-TR) WindowsPowerShell/5.1.26100.6725\"","service":"api-gateway","timestamp":"2025-10-16 21:23:52"}
{"level":"warn","message":"Authentication failed: invalid signature","service":"api-gateway","timestamp":"2025-10-16 21:27:36"}
{"level":"info","message":"127.0.0.1 - - [16/Oct/2025:18:27:36 +0000] \"GET /api/v1/notifications HTTP/1.1\" 401 67 \"-\" \"Mozilla/5.0 (Windows NT; Windows NT 10.0; tr-TR) WindowsPowerShell/5.1.26100.6725\"","service":"api-gateway","timestamp":"2025-10-16 21:27:36"}
{"level":"warn","message":"Authentication failed: invalid signature","service":"api-gateway","timestamp":"2025-10-16 21:37:11"}
{"level":"info","message":"127.0.0.1 - - [16/Oct/2025:18:37:11 +0000] \"GET /api/v1/notifications HTTP/1.1\" 401 67 \"-\" \"Mozilla/5.0 (Windows NT; Windows NT 10.0; tr-TR) WindowsPowerShell/5.1.26100.6725\"","service":"api-gateway","timestamp":"2025-10-16 21:37:11"}
{"level":"info","message":"127.0.0.1 - - [16/Oct/2025:18:58:13 +0000] \"GET /health HTTP/1.1\" 200 124 \"-\" \"Mozilla/5.0 (Windows NT; Windows NT 10.0; tr-TR) WindowsPowerShell/5.1.26100.6725\"","service":"api-gateway","timestamp":"2025-10-16 21:58:13"}
{"ip":"127.0.0.1","level":"warn","message":"Route not found:","method":"GET","service":"api-gateway","timestamp":"2025-10-16 21:58:29","url":"/api/payments/health"}
{"level":"info","message":"127.0.0.1 - - [16/Oct/2025:18:58:29 +0000] \"GET /api/payments/health HTTP/1.1\" 404 165 \"-\" \"Mozilla/5.0 (Windows NT; Windows NT 10.0; tr-TR) WindowsPowerShell/5.1.26100.6725\"","service":"api-gateway","timestamp":"2025-10-16 21:58:29"}
{"ip":"127.0.0.1","level":"warn","message":"Route not found:","method":"GET","service":"api-gateway","timestamp":"2025-10-16 21:58:49","url":"/api/payment/health"}
{"level":"info","message":"127.0.0.1 - - [16/Oct/2025:18:58:49 +0000] \"GET /api/payment/health HTTP/1.1\" 404 163 \"-\" \"Mozilla/5.0 (Windows NT; Windows NT 10.0; tr-TR) WindowsPowerShell/5.1.26100.6725\"","service":"api-gateway","timestamp":"2025-10-16 21:58:49"}
{"correlationId":"gw-1760641165197-7xnz4huh9","level":"info","message":"Proxying request to payment-service:","method":"GET","path":"/health","service":"api-gateway","target":"http://localhost:4005","timestamp":"2025-10-16 21:59:25"}
{"correlationId":"gw-1760641165197-7xnz4huh9","level":"info","message":"Response from payment-service:","method":"GET","path":"/health","service":"api-gateway","statusCode":200,"timestamp":"2025-10-16 21:59:25"}
{"level":"info","message":"127.0.0.1 - - [16/Oct/2025:18:59:25 +0000] \"GET /api/v1/payments/health HTTP/1.1\" 200 82 \"-\" \"Mozilla/5.0 (Windows NT; Windows NT 10.0; tr-TR) WindowsPowerShell/5.1.26100.6725\"","service":"api-gateway","timestamp":"2025-10-16 21:59:25"}
{"correlationId":"gw-1760641191500-iadcmn0k7","level":"info","message":"Proxying request to auth-service:","method":"GET","path":"/api/v1/auth/health","service":"api-gateway","target":"http://localhost:4001","timestamp":"2025-10-16 21:59:51"}
{"correlationId":"gw-1760641191500-iadcmn0k7","level":"info","message":"Response from auth-service:","method":"GET","path":"/api/v1/auth/health","service":"api-gateway","statusCode":200,"timestamp":"2025-10-16 21:59:51"}
{"level":"info","message":"127.0.0.1 - - [16/Oct/2025:18:59:51 +0000] \"GET /api/v1/auth/health HTTP/1.1\" 200 204 \"-\" \"Mozilla/5.0 (Windows NT; Windows NT 10.0; tr-TR) WindowsPowerShell/5.1.26100.6725\"","service":"api-gateway","timestamp":"2025-10-16 21:59:51"}
{"correlationId":"gw-1760641203465-pd5yt7dj8","level":"info","message":"Proxying request to bid-service:","method":"GET","path":"/health","service":"api-gateway","target":"http://localhost:4007","timestamp":"2025-10-16 22:00:03"}
{"correlationId":"gw-1760641203465-pd5yt7dj8","level":"info","message":"Response from bid-service:","method":"GET","path":"/health","service":"api-gateway","statusCode":200,"timestamp":"2025-10-16 22:00:03"}
{"level":"info","message":"127.0.0.1 - - [16/Oct/2025:19:00:03 +0000] \"GET /api/v1/bids/health HTTP/1.1\" 200 100 \"-\" \"Mozilla/5.0 (Windows NT; Windows NT 10.0; tr-TR) WindowsPowerShell/5.1.26100.6725\"","service":"api-gateway","timestamp":"2025-10-16 22:00:03"}
{"level":"info","message":"Proxying health request to auction service:","originalPath":"/health","rewrittenPath":"/health","service":"api-gateway","target":"http://localhost:4003","timestamp":"2025-10-16 22:00:18"}
{"level":"info","message":"127.0.0.1 - - [16/Oct/2025:19:00:18 +0000] \"GET /api/v1/auctions/health HTTP/1.1\" 404 69 \"-\" \"Mozilla/5.0 (Windows NT; Windows NT 10.0; tr-TR) WindowsPowerShell/5.1.26100.6725\"","service":"api-gateway","timestamp":"2025-10-16 22:00:18"}
{"level":"info","message":"Proxying health request to vehicle service:","originalPath":"/api/v1/health","rewrittenPath":"/api/v1/health","service":"api-gateway","target":"http://localhost:4002","timestamp":"2025-10-16 22:00:32"}
{"level":"info","message":"127.0.0.1 - - [16/Oct/2025:19:00:32 +0000] \"GET /api/v1/vehicles/health HTTP/1.1\" 200 239 \"-\" \"Mozilla/5.0 (Windows NT; Windows NT 10.0; tr-TR) WindowsPowerShell/5.1.26100.6725\"","service":"api-gateway","timestamp":"2025-10-16 22:00:32"}
{"correlationId":"gw-1760641249607-6vi7k6zkk","level":"info","message":"Proxying request to notification-service:","method":"GET","path":"/notifications/health","service":"api-gateway","target":"http://localhost:4006","timestamp":"2025-10-16 22:00:49"}
{"correlationId":"gw-1760641249607-6vi7k6zkk","level":"info","message":"Response from notification-service:","method":"GET","path":"/notifications/health","service":"api-gateway","statusCode":200,"timestamp":"2025-10-16 22:00:49"}
{"level":"info","message":"127.0.0.1 - - [16/Oct/2025:19:00:49 +0000] \"GET /api/v1/notifications/health HTTP/1.1\" 200 87 \"-\" \"Mozilla/5.0 (Windows NT; Windows NT 10.0; tr-TR) WindowsPowerShell/5.1.26100.6725\"","service":"api-gateway","timestamp":"2025-10-16 22:00:49"}
{"correlationId":"gw-1760642156347-1zkj2rssa","level":"info","message":"Proxying request to payment-service:","method":"GET","path":"/health","service":"api-gateway","target":"http://localhost:4005","timestamp":"2025-10-16 22:15:56"}
{"correlationId":"gw-1760642156347-1zkj2rssa","level":"info","message":"Response from payment-service:","method":"GET","path":"/health","service":"api-gateway","statusCode":200,"timestamp":"2025-10-16 22:15:56"}
{"level":"info","message":"127.0.0.1 - - [16/Oct/2025:19:15:56 +0000] \"GET /api/v1/payments/health HTTP/1.1\" 200 82 \"-\" \"Mozilla/5.0 (Windows NT; Windows NT 10.0; tr-TR) WindowsPowerShell/5.1.26100.6725\"","service":"api-gateway","timestamp":"2025-10-16 22:15:56"}
{"level":"info","message":"127.0.0.1 - - [16/Oct/2025:19:16:08 +0000] \"POST /api/v1/payments HTTP/1.1\" 401 81 \"-\" \"Mozilla/5.0 (Windows NT; Windows NT 10.0; tr-TR) WindowsPowerShell/5.1.26100.6725\"","service":"api-gateway","timestamp":"2025-10-16 22:16:08"}
{"level":"info","message":"127.0.0.1 - - [16/Oct/2025:19:18:08 +0000] \"GET /api/v1/payments/test-stripe HTTP/1.1\" 401 81 \"-\" \"Mozilla/5.0 (Windows NT; Windows NT 10.0; tr-TR) WindowsPowerShell/5.1.26100.6725\"","service":"api-gateway","timestamp":"2025-10-16 22:18:08"}
{"correlationId":"gw-1760642319300-ky92r5t5q","level":"info","message":"Proxying request to payment-service:","method":"GET","path":"/test-stripe","service":"api-gateway","target":"http://localhost:4005","timestamp":"2025-10-16 22:18:39"}
{"correlationId":"gw-1760642319300-ky92r5t5q","level":"info","message":"Response from payment-service:","method":"GET","path":"/test-stripe","service":"api-gateway","statusCode":404,"timestamp":"2025-10-16 22:18:39"}
{"level":"info","message":"127.0.0.1 - - [16/Oct/2025:19:18:39 +0000] \"GET /api/v1/payments/test-stripe HTTP/1.1\" 404 74 \"-\" \"Mozilla/5.0 (Windows NT; Windows NT 10.0; tr-TR) WindowsPowerShell/5.1.26100.6725\"","service":"api-gateway","timestamp":"2025-10-16 22:18:39"}
{"correlationId":"gw-1760644387336-saofe1em0","level":"info","message":"Proxying request to auth-service:","method":"POST","path":"/api/v1/auth/login","service":"api-gateway","target":"http://localhost:4001","timestamp":"2025-10-16 22:53:07"}
{"level":"info","message":"127.0.0.1 - - [16/Oct/2025:19:54:07 +0000] \"POST /api/v1/auth/login HTTP/1.1\" - - \"-\" \"Mozilla/5.0 (Windows NT; Windows NT 10.0; tr-TR) WindowsPowerShell/5.1.26100.6725\"","service":"api-gateway","timestamp":"2025-10-16 22:54:07"}
{"level":"info","message":"127.0.0.1 - - [16/Oct/2025:20:01:48 +0000] \"POST /api/v1/payments/webhooks/stripe HTTP/1.1\" 401 81 \"-\" \"Stripe/1.0 (+https://stripe.com/docs/webhooks)\"","service":"api-gateway","timestamp":"2025-10-16 23:01:48"}
{"level":"info","message":"127.0.0.1 - - [16/Oct/2025:20:02:05 +0000] \"POST /api/v1/payments/webhooks/stripe HTTP/1.1\" 401 81 \"-\" \"Stripe/1.0 (+https://stripe.com/docs/webhooks)\"","service":"api-gateway","timestamp":"2025-10-16 23:02:05"}
{"ip":"127.0.0.1","level":"warn","message":"Route not found:","method":"GET","service":"api-gateway","timestamp":"2025-10-16 23:30:02","url":"/websocket-test.html?ide_webview_request_time=1760646602627"}
{"level":"info","message":"127.0.0.1 - - [16/Oct/2025:20:30:02 +0000] \"GET /websocket-test.html?ide_webview_request_time=1760646602627 HTTP/1.1\" 404 243 \"-\" \"Mozilla/5.0 (Windows NT 10.0; Win64; x64) AppleWebKit/537.36 (KHTML, like Gecko) Trae/1.100.3 Chrome/132.0.6834.210 Electron/34.5.1 Safari/537.36\"","service":"api-gateway","timestamp":"2025-10-16 23:30:02"}
{"level":"info","message":"127.0.0.1 - - [16/Oct/2025:20:31:02 +0000] \"GET /websocket-test.html?ide_webview_request_time=1760646661704 HTTP/1.1\" 200 - \"-\" \"Mozilla/5.0 (Windows NT 10.0; Win64; x64) AppleWebKit/537.36 (KHTML, like Gecko) Trae/1.100.3 Chrome/132.0.6834.210 Electron/34.5.1 Safari/537.36\"","service":"api-gateway","timestamp":"2025-10-16 23:31:02"}
{"level":"info","message":"127.0.0.1 - - [16/Oct/2025:20:35:19 +0000] \"GET /websocket-test.html?ide_webview_request_time=1760646661704 HTTP/1.1\" 200 - \"-\" \"Mozilla/5.0 (Windows NT 10.0; Win64; x64) AppleWebKit/537.36 (KHTML, like Gecko) Trae/1.100.3 Chrome/132.0.6834.210 Electron/34.5.1 Safari/537.36\"","service":"api-gateway","timestamp":"2025-10-16 23:35:19"}
{"address":"127.0.0.1","code":"ECONNREFUSED","errno":-4078,"level":"error","message":"Redis subscriber error: connect ECONNREFUSED 127.0.0.1:6379","port":6379,"service":"api-gateway","stack":"Error: connect ECONNREFUSED 127.0.0.1:6379\n    at TCPConnectWrap.afterConnect [as oncomplete] (node:net:1637:16)","syscall":"connect","timestamp":"2025-10-17 01:54:27"}
{"address":"127.0.0.1","code":"ECONNREFUSED","errno":-4078,"level":"error","message":"Redis main error: connect ECONNREFUSED 127.0.0.1:6379","port":6379,"service":"api-gateway","stack":"Error: connect ECONNREFUSED 127.0.0.1:6379\n    at TCPConnectWrap.afterConnect [as oncomplete] (node:net:1637:16)","syscall":"connect","timestamp":"2025-10-17 01:54:27"}
{"address":"127.0.0.1","code":"ECONNREFUSED","errno":-4078,"level":"error","message":"Redis publisher error: connect ECONNREFUSED 127.0.0.1:6379","port":6379,"service":"api-gateway","stack":"Error: connect ECONNREFUSED 127.0.0.1:6379\n    at TCPConnectWrap.afterConnect [as oncomplete] (node:net:1637:16)","syscall":"connect","timestamp":"2025-10-17 01:54:27"}
{"address":"127.0.0.1","code":"ECONNREFUSED","errno":-4078,"level":"error","message":"Redis publisher error: connect ECONNREFUSED 127.0.0.1:6379","port":6379,"service":"api-gateway","stack":"Error: connect ECONNREFUSED 127.0.0.1:6379\n    at TCPConnectWrap.afterConnect [as oncomplete] (node:net:1637:16)","syscall":"connect","timestamp":"2025-10-17 01:54:28"}
{"address":"127.0.0.1","code":"ECONNREFUSED","errno":-4078,"level":"error","message":"Redis main error: connect ECONNREFUSED 127.0.0.1:6379","port":6379,"service":"api-gateway","stack":"Error: connect ECONNREFUSED 127.0.0.1:6379\n    at TCPConnectWrap.afterConnect [as oncomplete] (node:net:1637:16)","syscall":"connect","timestamp":"2025-10-17 01:54:28"}
{"address":"127.0.0.1","code":"ECONNREFUSED","errno":-4078,"level":"error","message":"Redis subscriber error: connect ECONNREFUSED 127.0.0.1:6379","port":6379,"service":"api-gateway","stack":"Error: connect ECONNREFUSED 127.0.0.1:6379\n    at TCPConnectWrap.afterConnect [as oncomplete] (node:net:1637:16)","syscall":"connect","timestamp":"2025-10-17 01:54:28"}
{"address":"127.0.0.1","code":"ECONNREFUSED","errno":-4078,"level":"error","message":"Redis main error: connect ECONNREFUSED 127.0.0.1:6379","port":6379,"service":"api-gateway","stack":"Error: connect ECONNREFUSED 127.0.0.1:6379\n    at TCPConnectWrap.afterConnect [as oncomplete] (node:net:1637:16)","syscall":"connect","timestamp":"2025-10-17 01:54:30"}
{"address":"127.0.0.1","code":"ECONNREFUSED","errno":-4078,"level":"error","message":"Redis publisher error: connect ECONNREFUSED 127.0.0.1:6379","port":6379,"service":"api-gateway","stack":"Error: connect ECONNREFUSED 127.0.0.1:6379\n    at TCPConnectWrap.afterConnect [as oncomplete] (node:net:1637:16)","syscall":"connect","timestamp":"2025-10-17 01:54:30"}
{"address":"127.0.0.1","code":"ECONNREFUSED","errno":-4078,"level":"error","message":"Redis subscriber error: connect ECONNREFUSED 127.0.0.1:6379","port":6379,"service":"api-gateway","stack":"Error: connect ECONNREFUSED 127.0.0.1:6379\n    at TCPConnectWrap.afterConnect [as oncomplete] (node:net:1637:16)","syscall":"connect","timestamp":"2025-10-17 01:54:30"}
{"address":"127.0.0.1","code":"ECONNREFUSED","errno":-4078,"level":"error","message":"Redis subscriber error: connect ECONNREFUSED 127.0.0.1:6379","port":6379,"service":"api-gateway","stack":"Error: connect ECONNREFUSED 127.0.0.1:6379\n    at TCPConnectWrap.afterConnect [as oncomplete] (node:net:1637:16)","syscall":"connect","timestamp":"2025-10-17 01:54:33"}
{"address":"127.0.0.1","code":"ECONNREFUSED","errno":-4078,"level":"error","message":"Redis main error: connect ECONNREFUSED 127.0.0.1:6379","port":6379,"service":"api-gateway","stack":"Error: connect ECONNREFUSED 127.0.0.1:6379\n    at TCPConnectWrap.afterConnect [as oncomplete] (node:net:1637:16)","syscall":"connect","timestamp":"2025-10-17 01:56:37"}
{"address":"127.0.0.1","code":"ECONNREFUSED","errno":-4078,"level":"error","message":"Redis subscriber error: connect ECONNREFUSED 127.0.0.1:6379","port":6379,"service":"api-gateway","stack":"Error: connect ECONNREFUSED 127.0.0.1:6379\n    at TCPConnectWrap.afterConnect [as oncomplete] (node:net:1637:16)","syscall":"connect","timestamp":"2025-10-17 01:56:37"}
{"address":"127.0.0.1","code":"ECONNREFUSED","errno":-4078,"level":"error","message":"Redis publisher error: connect ECONNREFUSED 127.0.0.1:6379","port":6379,"service":"api-gateway","stack":"Error: connect ECONNREFUSED 127.0.0.1:6379\n    at TCPConnectWrap.afterConnect [as oncomplete] (node:net:1637:16)","syscall":"connect","timestamp":"2025-10-17 01:56:37"}
{"address":"127.0.0.1","code":"ECONNREFUSED","errno":-4078,"level":"error","message":"Redis publisher error: connect ECONNREFUSED 127.0.0.1:6379","port":6379,"service":"api-gateway","stack":"Error: connect ECONNREFUSED 127.0.0.1:6379\n    at TCPConnectWrap.afterConnect [as oncomplete] (node:net:1637:16)","syscall":"connect","timestamp":"2025-10-17 01:56:38"}
{"address":"127.0.0.1","code":"ECONNREFUSED","errno":-4078,"level":"error","message":"Redis main error: connect ECONNREFUSED 127.0.0.1:6379","port":6379,"service":"api-gateway","stack":"Error: connect ECONNREFUSED 127.0.0.1:6379\n    at TCPConnectWrap.afterConnect [as oncomplete] (node:net:1637:16)","syscall":"connect","timestamp":"2025-10-17 01:56:38"}
{"address":"127.0.0.1","code":"ECONNREFUSED","errno":-4078,"level":"error","message":"Redis subscriber error: connect ECONNREFUSED 127.0.0.1:6379","port":6379,"service":"api-gateway","stack":"Error: connect ECONNREFUSED 127.0.0.1:6379\n    at TCPConnectWrap.afterConnect [as oncomplete] (node:net:1637:16)","syscall":"connect","timestamp":"2025-10-17 01:56:38"}
{"address":"127.0.0.1","code":"ECONNREFUSED","errno":-4078,"level":"error","message":"Redis publisher error: connect ECONNREFUSED 127.0.0.1:6379","port":6379,"service":"api-gateway","stack":"Error: connect ECONNREFUSED 127.0.0.1:6379\n    at TCPConnectWrap.afterConnect [as oncomplete] (node:net:1637:16)","syscall":"connect","timestamp":"2025-10-17 01:56:40"}
{"address":"127.0.0.1","code":"ECONNREFUSED","errno":-4078,"level":"error","message":"Redis subscriber error: connect ECONNREFUSED 127.0.0.1:6379","port":6379,"service":"api-gateway","stack":"Error: connect ECONNREFUSED 127.0.0.1:6379\n    at TCPConnectWrap.afterConnect [as oncomplete] (node:net:1637:16)","syscall":"connect","timestamp":"2025-10-17 01:56:40"}
{"address":"127.0.0.1","code":"ECONNREFUSED","errno":-4078,"level":"error","message":"Redis main error: connect ECONNREFUSED 127.0.0.1:6379","port":6379,"service":"api-gateway","stack":"Error: connect ECONNREFUSED 127.0.0.1:6379\n    at TCPConnectWrap.afterConnect [as oncomplete] (node:net:1637:16)","syscall":"connect","timestamp":"2025-10-17 01:56:40"}
{"address":"127.0.0.1","code":"ECONNREFUSED","errno":-4078,"level":"error","message":"Redis publisher error: connect ECONNREFUSED 127.0.0.1:6379","port":6379,"service":"api-gateway","stack":"Error: connect ECONNREFUSED 127.0.0.1:6379\n    at TCPConnectWrap.afterConnect [as oncomplete] (node:net:1637:16)","syscall":"connect","timestamp":"2025-10-17 01:56:43"}
{"level":"info","message":"127.0.0.1 - - [16/Oct/2025:22:57:42 +0000] \"GET /?ide_webview_request_time=1760655461938 HTTP/1.1\" 200 172 \"-\" \"Mozilla/5.0 (Windows NT 10.0; Win64; x64) AppleWebKit/537.36 (KHTML, like Gecko) Trae/1.100.3 Chrome/132.0.6834.210 Electron/34.5.1 Safari/537.36\"","service":"api-gateway","timestamp":"2025-10-17 01:57:42"}
{"ip":"127.0.0.1","level":"warn","message":"Route not found:","method":"GET","service":"api-gateway","timestamp":"2025-10-17 02:02:00","url":"/socket.io?ide_webview_request_time=1760655720406"}
{"level":"info","message":"127.0.0.1 - - [16/Oct/2025:23:02:00 +0000] \"GET /socket.io?ide_webview_request_time=1760655720406 HTTP/1.1\" 404 223 \"-\" \"Mozilla/5.0 (Windows NT 10.0; Win64; x64) AppleWebKit/537.36 (KHTML, like Gecko) Trae/1.100.3 Chrome/132.0.6834.210 Electron/34.5.1 Safari/537.36\"","service":"api-gateway","timestamp":"2025-10-17 02:02:00"}
{"level":"info","message":"127.0.0.1 - - [16/Oct/2025:23:04:09 +0000] \"GET /health HTTP/1.1\" 200 126 \"-\" \"Mozilla/5.0 (Windows NT; Windows NT 10.0; tr-TR) WindowsPowerShell/5.1.26100.6725\"","service":"api-gateway","timestamp":"2025-10-17 02:04:09"}
{"level":"info","message":"127.0.0.1 - - [16/Oct/2025:23:04:23 +0000] \"GET / HTTP/1.1\" 200 172 \"-\" \"Mozilla/5.0 (Windows NT; Windows NT 10.0; tr-TR) WindowsPowerShell/5.1.26100.6725\"","service":"api-gateway","timestamp":"2025-10-17 02:04:23"}
{"level":"info","message":"127.0.0.1 - - [16/Oct/2025:23:04:46 +0000] \"GET /api HTTP/1.1\" 200 447 \"-\" \"Mozilla/5.0 (Windows NT; Windows NT 10.0; tr-TR) WindowsPowerShell/5.1.26100.6725\"","service":"api-gateway","timestamp":"2025-10-17 02:04:46"}
{"correlationId":"gw-1760655900504-bfqvnyhoh","level":"info","message":"Proxying request to auth-service:","method":"GET","path":"/api/v1/auth","service":"api-gateway","target":"http://localhost:4001","timestamp":"2025-10-17 02:05:00"}
{"correlationId":"gw-1760655900504-bfqvnyhoh","error":"","level":"error","message":"Proxy error for auth-service:","method":"GET","path":"/api/v1/auth","service":"api-gateway","target":"http://localhost:4001","timestamp":"2025-10-17 02:05:00"}
{"level":"info","message":"127.0.0.1 - - [16/Oct/2025:23:05:00 +0000] \"GET /api/v1/auth HTTP/1.1\" 503 182 \"-\" \"Mozilla/5.0 (Windows NT; Windows NT 10.0; tr-TR) WindowsPowerShell/5.1.26100.6725\"","service":"api-gateway","timestamp":"2025-10-17 02:05:00"}
{"level":"warn","message":"Service auth-service health check failed:","service":"api-gateway","timestamp":"2025-10-17 02:05:00"}
{"level":"warn","message":"Service auth-service is unhealthy","service":"api-gateway","timestamp":"2025-10-17 02:05:00"}
{"correlationId":"gw-1760655912064-6rck2uujo","level":"info","message":"Proxying request to auction-service:","method":"GET","path":"/api/v1/auctions","service":"api-gateway","target":"http://localhost:4003","timestamp":"2025-10-17 02:05:12"}
{"correlationId":"gw-1760655912064-6rck2uujo","error":"","level":"error","message":"Proxy error for auction-service:","method":"GET","path":"/api/v1/auctions","service":"api-gateway","target":"http://localhost:4003","timestamp":"2025-10-17 02:05:12"}
{"level":"info","message":"127.0.0.1 - - [16/Oct/2025:23:05:12 +0000] \"GET /api/v1/auctions HTTP/1.1\" 503 188 \"-\" \"Mozilla/5.0 (Windows NT; Windows NT 10.0; tr-TR) WindowsPowerShell/5.1.26100.6725\"","service":"api-gateway","timestamp":"2025-10-17 02:05:12"}
{"level":"warn","message":"Service auction-service health check failed:","service":"api-gateway","timestamp":"2025-10-17 02:05:12"}
{"level":"warn","message":"Service auction-service is unhealthy","service":"api-gateway","timestamp":"2025-10-17 02:05:12"}
{"ip":"127.0.0.1","level":"warn","message":"Route not found:","method":"GET","service":"api-gateway","timestamp":"2025-10-17 02:06:35","url":"/websocket"}
{"level":"info","message":"127.0.0.1 - - [16/Oct/2025:23:06:35 +0000] \"GET /websocket HTTP/1.1\" 404 145 \"-\" \"Mozilla/5.0 (Windows NT; Windows NT 10.0; tr-TR) WindowsPowerShell/5.1.26100.6725\"","service":"api-gateway","timestamp":"2025-10-17 02:06:35"}
{"level":"info","message":"127.0.0.1 - - [16/Oct/2025:23:17:35 +0000] \"GET / HTTP/1.1\" 200 172 \"-\" \"Mozilla/5.0 (Windows NT 10.0; Win64; x64) AppleWebKit/537.36 (KHTML, like Gecko) Chrome/141.0.0.0 Safari/537.36\"","service":"api-gateway","timestamp":"2025-10-17 02:17:35"}
{"ip":"127.0.0.1","level":"warn","message":"Route not found:","method":"GET","service":"api-gateway","timestamp":"2025-10-17 02:17:36","url":"/favicon.ico"}
{"level":"info","message":"127.0.0.1 - - [16/Oct/2025:23:17:36 +0000] \"GET /favicon.ico HTTP/1.1\" 404 149 \"-\" \"Mozilla/5.0 (Windows NT 10.0; Win64; x64) AppleWebKit/537.36 (KHTML, like Gecko) Chrome/141.0.0.0 Safari/537.36\"","service":"api-gateway","timestamp":"2025-10-17 02:17:36"}
{"level":"error","message":"Disconnection handling error: Cannot read properties of null (reading 'publish')","service":"api-gateway","stack":"TypeError: Cannot read properties of null (reading 'publish')\n    at WebSocketServer.handleDisconnection (C:\\Users\\excalibur\\Desktop\\Projeler\\Kaggle\\vehicle-auction-platform\\apps\\backend\\api-gateway-backup\\dist\\websocket\\websocketServer.js:304:31)\n    at Socket.<anonymous> (C:\\Users\\excalibur\\Desktop\\Projeler\\Kaggle\\vehicle-auction-platform\\apps\\backend\\api-gateway-backup\\dist\\websocket\\websocketServer.js:141:22)\n    at Socket.emit (node:events:507:28)\n    at Socket.emitReserved (C:\\Users\\excalibur\\Desktop\\Projeler\\Kaggle\\vehicle-auction-platform\\apps\\backend\\api-gateway-backup\\node_modules\\socket.io\\dist\\typed-events.js:56:22)\n    at Socket._onclose (C:\\Users\\excalibur\\Desktop\\Projeler\\Kaggle\\vehicle-auction-platform\\apps\\backend\\api-gateway-backup\\node_modules\\socket.io\\dist\\socket.js:554:14)\n    at Socket.disconnect (C:\\Users\\excalibur\\Desktop\\Projeler\\Kaggle\\vehicle-auction-platform\\apps\\backend\\api-gateway-backup\\node_modules\\socket.io\\dist\\socket.js:600:18)\n    at Client._disconnect (C:\\Users\\excalibur\\Desktop\\Projeler\\Kaggle\\vehicle-auction-platform\\apps\\backend\\api-gateway-backup\\node_modules\\socket.io\\dist\\client.js:113:20)\n    at Socket.disconnect (C:\\Users\\excalibur\\Desktop\\Projeler\\Kaggle\\vehicle-auction-platform\\apps\\backend\\api-gateway-backup\\node_modules\\socket.io\\dist\\socket.js:596:25)\n    at C:\\Users\\excalibur\\Desktop\\Projeler\\Kaggle\\vehicle-auction-platform\\apps\\backend\\api-gateway-backup\\node_modules\\socket.io-adapter\\dist\\in-memory-adapter.js:246:20\n    at Adapter.apply (C:\\Users\\excalibur\\Desktop\\Projeler\\Kaggle\\vehicle-auction-platform\\apps\\backend\\api-gateway-backup\\node_modules\\socket.io-adapter\\dist\\in-memory-adapter.js:274:21)","timestamp":"2025-10-17 02:21:52"}
{"level":"info","message":"127.0.0.1 - - [16/Oct/2025:23:24:54 +0000] \"GET /test-websocket.html?ide_webview_request_time=1760657094612 HTTP/1.1\" 200 - \"-\" \"Mozilla/5.0 (Windows NT 10.0; Win64; x64) AppleWebKit/537.36 (KHTML, like Gecko) Trae/1.100.3 Chrome/132.0.6834.210 Electron/34.5.1 Safari/537.36\"","service":"api-gateway","timestamp":"2025-10-17 02:24:54"}
{"level":"info","message":"127.0.0.1 - - [16/Oct/2025:23:27:21 +0000] \"GET /test-websocket.html?ide_webview_request_time=1760657240873 HTTP/1.1\" 200 - \"-\" \"Mozilla/5.0 (Windows NT 10.0; Win64; x64) AppleWebKit/537.36 (KHTML, like Gecko) Trae/1.100.3 Chrome/132.0.6834.210 Electron/34.5.1 Safari/537.36\"","service":"api-gateway","timestamp":"2025-10-17 02:27:21"}
{"level":"info","message":"127.0.0.1 - - [16/Oct/2025:23:27:25 +0000] \"GET /test-websocket.html?ide_webview_request_time=1760657240873 HTTP/1.1\" 200 - \"-\" \"Mozilla/5.0 (Windows NT 10.0; Win64; x64) AppleWebKit/537.36 (KHTML, like Gecko) Trae/1.100.3 Chrome/132.0.6834.210 Electron/34.5.1 Safari/537.36\"","service":"api-gateway","timestamp":"2025-10-17 02:27:25"}
{"level":"info","message":"127.0.0.1 - - [16/Oct/2025:23:27:40 +0000] \"GET /test-websocket.html?ide_webview_request_time=1760657240873 HTTP/1.1\" 200 - \"-\" \"Mozilla/5.0 (Windows NT 10.0; Win64; x64) AppleWebKit/537.36 (KHTML, like Gecko) Trae/1.100.3 Chrome/132.0.6834.210 Electron/34.5.1 Safari/537.36\"","service":"api-gateway","timestamp":"2025-10-17 02:27:40"}
{"level":"info","message":"127.0.0.1 - - [16/Oct/2025:23:28:05 +0000] \"GET /test-websocket.html?ide_webview_request_time=1760657240873 HTTP/1.1\" 200 - \"-\" \"Mozilla/5.0 (Windows NT 10.0; Win64; x64) AppleWebKit/537.36 (KHTML, like Gecko) Trae/1.100.3 Chrome/132.0.6834.210 Electron/34.5.1 Safari/537.36\"","service":"api-gateway","timestamp":"2025-10-17 02:28:05"}
{"level":"info","message":"127.0.0.1 - - [16/Oct/2025:23:28:29 +0000] \"GET /websocket-test.html?ide_webview_request_time=1760657309594 HTTP/1.1\" 200 - \"-\" \"Mozilla/5.0 (Windows NT 10.0; Win64; x64) AppleWebKit/537.36 (KHTML, like Gecko) Trae/1.100.3 Chrome/132.0.6834.210 Electron/34.5.1 Safari/537.36\"","service":"api-gateway","timestamp":"2025-10-17 02:28:29"}
{"error":"ENOENT: no such file or directory, stat 'C:\\Users\\excalibur\\Desktop\\Projeler\\Kaggle\\vehicle-auction-platform\\apps\\backend\\api-gateway-backup\\websocket-test.html'","ip":"127.0.0.1","level":"error","message":"API Gateway Error:","method":"GET","service":"api-gateway","stack":"Error: ENOENT: no such file or directory, stat 'C:\\Users\\excalibur\\Desktop\\Projeler\\Kaggle\\vehicle-auction-platform\\apps\\backend\\api-gateway-backup\\websocket-test.html'","timestamp":"2025-10-17 02:28:43","url":"/websocket-test.html?ide_webview_request_time=1760657309594","userAgent":"Mozilla/5.0 (Windows NT 10.0; Win64; x64) AppleWebKit/537.36 (KHTML, like Gecko) Trae/1.100.3 Chrome/132.0.6834.210 Electron/34.5.1 Safari/537.36"}
{"level":"info","message":"127.0.0.1 - - [16/Oct/2025:23:28:43 +0000] \"GET /websocket-test.html?ide_webview_request_time=1760657309594 HTTP/1.1\" 404 524 \"-\" \"Mozilla/5.0 (Windows NT 10.0; Win64; x64) AppleWebKit/537.36 (KHTML, like Gecko) Trae/1.100.3 Chrome/132.0.6834.210 Electron/34.5.1 Safari/537.36\"","service":"api-gateway","timestamp":"2025-10-17 02:28:43"}
